#! /usr/bin/vvp
:ivl_version "10.1 (stable)";
:ivl_delay_selection "TYPICAL";
:vpi_time_precision + 0;
:vpi_module "system";
:vpi_module "vhdl_sys";
:vpi_module "v2005_math";
:vpi_module "va_math";
S_0x55f5df240190 .scope module, "probador2" "probador2" 2 1;
 .timescale 0 0;
    .port_info 0 /OUTPUT 1 "a"
    .port_info 1 /OUTPUT 1 "clk32f"
    .port_info 2 /INPUT 1 "clk"
    .port_info 3 /INPUT 1 "clk2f"
    .port_info 4 /INPUT 1 "clk4f"
    .port_info 5 /INPUT 1 "not_a"
v0x55f5df240310_0 .var "a", 0 0;
o0x7fec6947e048 .functor BUFZ 1, C4<z>; HiZ drive
v0x55f5df260390_0 .net "clk", 0 0, o0x7fec6947e048;  0 drivers
o0x7fec6947e078 .functor BUFZ 1, C4<z>; HiZ drive
v0x55f5df260450_0 .net "clk2f", 0 0, o0x7fec6947e078;  0 drivers
v0x55f5df2604f0_0 .var "clk32f", 0 0;
o0x7fec6947e0d8 .functor BUFZ 1, C4<z>; HiZ drive
v0x55f5df2605b0_0 .net "clk4f", 0 0, o0x7fec6947e0d8;  0 drivers
o0x7fec6947e108 .functor BUFZ 1, C4<z>; HiZ drive
v0x55f5df2606c0_0 .net "not_a", 0 0, o0x7fec6947e108;  0 drivers
E_0x55f5df23aa50 .event posedge, v0x55f5df2604f0_0;
    .scope S_0x55f5df240190;
T_0 ;
    %vpi_call 2 12 "$dumpfile", "resultados.vcd" {0 0 0};
    %vpi_call 2 13 "$dumpvars" {0 0 0};
    %vpi_call 2 14 "$display", "\011\011\011clk32f \011\011clk4f \011\011clk2f \011\011clk_test \011\011not_a" {0 0 0};
    %vpi_call 2 16 "$monitor", $time, "\011%b\011%b\011%b\011%b \011%b", v0x55f5df2604f0_0, v0x55f5df2605b0_0, v0x55f5df260450_0, v0x55f5df260390_0, v0x55f5df2606c0_0 {0 0 0};
    %pushi/vec4 0, 0, 1;
    %store/vec4 v0x55f5df240310_0, 0, 1;
    %pushi/vec4 12, 0, 32;
T_0.0 %dup/vec4;
    %pushi/vec4 0, 0, 32;
    %cmp/s;
    %jmp/1xz T_0.1, 5;
    %jmp/1 T_0.1, 4;
    %pushi/vec4 1, 0, 32;
    %sub;
    %wait E_0x55f5df23aa50;
    %load/vec4 v0x55f5df240310_0;
    %pad/u 2;
    %addi 1, 0, 2;
    %pad/u 1;
    %assign/vec4 v0x55f5df240310_0, 0;
    %jmp T_0.0;
T_0.1 ;
    %pop/vec4 1;
    %wait E_0x55f5df23aa50;
    %pushi/vec4 0, 0, 1;
    %assign/vec4 v0x55f5df240310_0, 0;
    %vpi_call 2 24 "$finish" {0 0 0};
    %end;
    .thread T_0;
    .scope S_0x55f5df240190;
T_1 ;
    %pushi/vec4 1, 0, 1;
    %assign/vec4 v0x55f5df240310_0, 0;
    %end;
    .thread T_1;
    .scope S_0x55f5df240190;
T_2 ;
    %pushi/vec4 0, 0, 1;
    %assign/vec4 v0x55f5df2604f0_0, 0;
    %end;
    .thread T_2;
    .scope S_0x55f5df240190;
T_3 ;
    %delay 5, 0;
    %load/vec4 v0x55f5df2604f0_0;
    %inv;
    %assign/vec4 v0x55f5df2604f0_0, 0;
    %jmp T_3;
    .thread T_3;
# The file index is used to find the file name in the following table.
:file_names 3;
    "N/A";
    "<interactive>";
    "probador2.v";
